-------------------------------------------------------------------------------
Test set: appTest
-------------------------------------------------------------------------------
Tests run: 1, Failures: 1, Errors: 0, Skipped: 0, Time elapsed: 0.06 sec <<< FAILURE! - in appTest
test(appTest)  Time elapsed: 0.007 sec  <<< FAILURE!
java.lang.AssertionError: Not yet implemented
	at appTest.test(appTest.java:9)

